2022-05-22 00:00:37.520  INFO DESKTOP-0QMR5QH --- [nio-8090-exec-2] a.a.e.s.TaskService                      : OrganizationService/addNewOrg method started
2022-05-22 00:00:37.921  WARN DESKTOP-0QMR5QH --- [nio-8090-exec-2] o.h.e.j.s.SqlExceptionHelper             : SQL Error: 0, SQLState: 23502
2022-05-22 00:00:37.921 ERROR DESKTOP-0QMR5QH --- [nio-8090-exec-2] o.h.e.j.s.SqlExceptionHelper             : ERROR: null value in column "role_name" of relation "roles" violates not-null constraint
  Detail: Failing row contains (2, 2022-05-22 00:00:37.913603, null, t, 2022-05-22 00:00:37.913603).
2022-05-22 00:00:37.937 ERROR DESKTOP-0QMR5QH --- [nio-8090-exec-2] CustomizedResponseEntityExceptionHandler : General Exception handler exception -> could not execute statement; SQL [n/a]; constraint [role_name" of relation "roles]; nested exception is org.hibernate.exception.ConstraintViolationException: could not execute statement
2022-05-22 00:01:17.614  INFO DESKTOP-0QMR5QH --- [ionShutdownHook] j.LocalContainerEntityManagerFactoryBean : Closing JPA EntityManagerFactory for persistence unit 'default'
2022-05-22 00:01:17.614  INFO DESKTOP-0QMR5QH --- [ionShutdownHook] c.z.h.HikariDataSource                   : HikariPool-1 - Shutdown initiated...
2022-05-22 00:01:17.622  INFO DESKTOP-0QMR5QH --- [ionShutdownHook] c.z.h.HikariDataSource                   : HikariPool-1 - Shutdown completed.
2022-05-22 00:01:24.351  INFO DESKTOP-0QMR5QH --- [kground-preinit] o.h.v.i.u.Version                        : HV000001: Hibernate Validator 6.2.3.Final
2022-05-22 00:01:24.384  INFO DESKTOP-0QMR5QH --- [           main] a.a.e.ETaskifyApplication                : Starting ETaskifyApplication using Java 11.0.13 on DESKTOP-0QMR5QH with PID 14916 (D:\IDEA PROJECTS\ETaskify\target\classes started by caci in D:\IDEA PROJECTS\ETaskify)
2022-05-22 00:01:24.384  INFO DESKTOP-0QMR5QH --- [           main] a.a.e.ETaskifyApplication                : The following 1 profile is active: "dev"
2022-05-22 00:01:25.291  INFO DESKTOP-0QMR5QH --- [           main] .s.d.r.c.RepositoryConfigurationDelegate : Bootstrapping Spring Data JPA repositories in DEFAULT mode.
2022-05-22 00:01:25.382  INFO DESKTOP-0QMR5QH --- [           main] .s.d.r.c.RepositoryConfigurationDelegate : Finished Spring Data repository scanning in 86 ms. Found 4 JPA repository interfaces.
2022-05-22 00:01:25.896  INFO DESKTOP-0QMR5QH --- [           main] o.s.b.w.e.t.TomcatWebServer              : Tomcat initialized with port(s): 8090 (http)
2022-05-22 00:01:25.904  INFO DESKTOP-0QMR5QH --- [           main] o.a.c.h.Http11NioProtocol                : Initializing ProtocolHandler ["http-nio-8090"]
2022-05-22 00:01:25.904  INFO DESKTOP-0QMR5QH --- [           main] o.a.c.c.StandardService                  : Starting service [Tomcat]
2022-05-22 00:01:25.904  INFO DESKTOP-0QMR5QH --- [           main] o.a.c.c.StandardEngine                   : Starting Servlet engine: [Apache Tomcat/9.0.62]
2022-05-22 00:01:26.016  INFO DESKTOP-0QMR5QH --- [           main] o.a.c.c.C.[.[.[/]                        : Initializing Spring embedded WebApplicationContext
2022-05-22 00:01:26.016  INFO DESKTOP-0QMR5QH --- [           main] w.s.c.ServletWebServerApplicationContext : Root WebApplicationContext: initialization completed in 1573 ms
2022-05-22 00:01:26.151  WARN DESKTOP-0QMR5QH --- [           main] JpaBaseConfiguration$JpaWebConfiguration : spring.jpa.open-in-view is enabled by default. Therefore, database queries may be performed during view rendering. Explicitly configure spring.jpa.open-in-view to disable this warning
2022-05-22 00:01:26.224  INFO DESKTOP-0QMR5QH --- [           main] o.h.j.i.u.LogHelper                      : HHH000204: Processing PersistenceUnitInfo [name: default]
2022-05-22 00:01:26.247  INFO DESKTOP-0QMR5QH --- [           main] o.h.Version                              : HHH000412: Hibernate ORM core version 5.6.8.Final
2022-05-22 00:01:26.371  INFO DESKTOP-0QMR5QH --- [           main] o.h.a.c.Version                          : HCANN000001: Hibernate Commons Annotations {5.1.2.Final}
2022-05-22 00:01:26.466  INFO DESKTOP-0QMR5QH --- [           main] c.z.h.HikariDataSource                   : HikariPool-1 - Starting...
2022-05-22 00:01:26.796  INFO DESKTOP-0QMR5QH --- [           main] c.z.h.HikariDataSource                   : HikariPool-1 - Start completed.
2022-05-22 00:01:26.807  INFO DESKTOP-0QMR5QH --- [           main] o.h.d.Dialect                            : HHH000400: Using dialect: org.hibernate.dialect.PostgreSQL95Dialect
2022-05-22 00:01:27.479  WARN DESKTOP-0QMR5QH --- [           main] o.h.e.j.s.SqlExceptionHelper             : SQL Warning Code: 0, SQLState: 00000
2022-05-22 00:01:27.479  WARN DESKTOP-0QMR5QH --- [           main] o.h.e.j.s.SqlExceptionHelper             : constraint "uk_it9oxa0rmaumshumc3m46lvam" of relation "organizations" does not exist, skipping
2022-05-22 00:01:27.485  WARN DESKTOP-0QMR5QH --- [           main] o.h.e.j.s.SqlExceptionHelper             : SQL Warning Code: 0, SQLState: 00000
2022-05-22 00:01:27.485  WARN DESKTOP-0QMR5QH --- [           main] o.h.e.j.s.SqlExceptionHelper             : constraint "uk_716hgxp60ym1lifrdgp67xt5k" of relation "roles" does not exist, skipping
2022-05-22 00:01:27.485  WARN DESKTOP-0QMR5QH --- [           main] o.h.e.j.s.SqlExceptionHelper             : SQL Warning Code: 0, SQLState: 00000
2022-05-22 00:01:27.485  WARN DESKTOP-0QMR5QH --- [           main] o.h.e.j.s.SqlExceptionHelper             : constraint "uk_6dotkott2kjsp8vw4d0m25fb7" of relation "users" does not exist, skipping
2022-05-22 00:01:27.490  WARN DESKTOP-0QMR5QH --- [           main] o.h.e.j.s.SqlExceptionHelper             : SQL Warning Code: 0, SQLState: 00000
2022-05-22 00:01:27.490  WARN DESKTOP-0QMR5QH --- [           main] o.h.e.j.s.SqlExceptionHelper             : constraint "uk_r43af9ap4edm43mmtq01oddj6" of relation "users" does not exist, skipping
2022-05-22 00:01:27.517  INFO DESKTOP-0QMR5QH --- [           main] o.h.e.t.j.p.i.JtaPlatformInitiator       : HHH000490: Using JtaPlatform implementation: [org.hibernate.engine.transaction.jta.platform.internal.NoJtaPlatform]
2022-05-22 00:01:27.528  INFO DESKTOP-0QMR5QH --- [           main] j.LocalContainerEntityManagerFactoryBean : Initialized JPA EntityManagerFactory for persistence unit 'default'
2022-05-22 00:01:28.337  WARN DESKTOP-0QMR5QH --- [           main] o.s.s.c.a.w.b.WebSecurity                : You are asking Spring Security to ignore Ant [pattern='/swagger-ui/**']. This is not recommended -- please use permitAll via HttpSecurity#authorizeHttpRequests instead.
2022-05-22 00:01:28.337  INFO DESKTOP-0QMR5QH --- [           main] o.s.s.w.DefaultSecurityFilterChain       : Will not secure Ant [pattern='/swagger-ui/**']
2022-05-22 00:01:28.337  WARN DESKTOP-0QMR5QH --- [           main] o.s.s.c.a.w.b.WebSecurity                : You are asking Spring Security to ignore Ant [pattern='/v3/api-docs/**']. This is not recommended -- please use permitAll via HttpSecurity#authorizeHttpRequests instead.
2022-05-22 00:01:28.337  INFO DESKTOP-0QMR5QH --- [           main] o.s.s.w.DefaultSecurityFilterChain       : Will not secure Ant [pattern='/v3/api-docs/**']
2022-05-22 00:01:28.369  INFO DESKTOP-0QMR5QH --- [           main] o.s.s.w.DefaultSecurityFilterChain       : Will secure any request with [org.springframework.security.web.context.request.async.WebAsyncManagerIntegrationFilter@63614cdd, org.springframework.security.web.context.SecurityContextPersistenceFilter@61ec2cb5, org.springframework.security.web.header.HeaderWriterFilter@5a95aaae, org.springframework.security.web.authentication.logout.LogoutFilter@5a079446, az.abb.etaskify.filter.JwtFilter@259c6ab8, org.springframework.security.web.savedrequest.RequestCacheAwareFilter@34be7efb, org.springframework.security.web.servletapi.SecurityContextHolderAwareRequestFilter@893081e, org.springframework.security.web.authentication.AnonymousAuthenticationFilter@1e9f48d4, org.springframework.security.web.session.SessionManagementFilter@3eb641a8, org.springframework.security.web.access.ExceptionTranslationFilter@6632eb19, org.springframework.security.web.access.intercept.FilterSecurityInterceptor@8f8717b]
2022-05-22 00:01:28.941  INFO DESKTOP-0QMR5QH --- [           main] o.a.c.h.Http11NioProtocol                : Starting ProtocolHandler ["http-nio-8090"]
2022-05-22 00:01:28.955  INFO DESKTOP-0QMR5QH --- [           main] o.s.b.w.e.t.TomcatWebServer              : Tomcat started on port(s): 8090 (http) with context path ''
2022-05-22 00:01:28.968  INFO DESKTOP-0QMR5QH --- [           main] a.a.e.ETaskifyApplication                : Started ETaskifyApplication in 5.154 seconds (JVM running for 6.69)
2022-05-22 00:12:11.003  INFO DESKTOP-0QMR5QH --- [ionShutdownHook] j.LocalContainerEntityManagerFactoryBean : Closing JPA EntityManagerFactory for persistence unit 'default'
2022-05-22 00:12:11.003  INFO DESKTOP-0QMR5QH --- [ionShutdownHook] c.z.h.HikariDataSource                   : HikariPool-1 - Shutdown initiated...
2022-05-22 00:12:11.019  INFO DESKTOP-0QMR5QH --- [ionShutdownHook] c.z.h.HikariDataSource                   : HikariPool-1 - Shutdown completed.
2022-05-22 00:12:22.214  INFO DESKTOP-0QMR5QH --- [kground-preinit] o.h.v.i.u.Version                        : HV000001: Hibernate Validator 6.2.3.Final
2022-05-22 00:12:22.230  INFO DESKTOP-0QMR5QH --- [           main] a.a.e.ETaskifyApplication                : Starting ETaskifyApplication using Java 11.0.13 on DESKTOP-0QMR5QH with PID 17516 (D:\IDEA PROJECTS\ETaskify\target\classes started by caci in D:\IDEA PROJECTS\ETaskify)
2022-05-22 00:12:22.230  INFO DESKTOP-0QMR5QH --- [           main] a.a.e.ETaskifyApplication                : The following 1 profile is active: "dev"
2022-05-22 00:12:22.917  INFO DESKTOP-0QMR5QH --- [           main] .s.d.r.c.RepositoryConfigurationDelegate : Bootstrapping Spring Data JPA repositories in DEFAULT mode.
2022-05-22 00:12:22.980  INFO DESKTOP-0QMR5QH --- [           main] .s.d.r.c.RepositoryConfigurationDelegate : Finished Spring Data repository scanning in 49 ms. Found 4 JPA repository interfaces.
2022-05-22 00:12:23.360  INFO DESKTOP-0QMR5QH --- [           main] o.s.b.w.e.t.TomcatWebServer              : Tomcat initialized with port(s): 8090 (http)
2022-05-22 00:12:23.375  INFO DESKTOP-0QMR5QH --- [           main] o.a.c.h.Http11NioProtocol                : Initializing ProtocolHandler ["http-nio-8090"]
2022-05-22 00:12:23.375  INFO DESKTOP-0QMR5QH --- [           main] o.a.c.c.StandardService                  : Starting service [Tomcat]
2022-05-22 00:12:23.375  INFO DESKTOP-0QMR5QH --- [           main] o.a.c.c.StandardEngine                   : Starting Servlet engine: [Apache Tomcat/9.0.62]
2022-05-22 00:12:23.454  INFO DESKTOP-0QMR5QH --- [           main] o.a.c.c.C.[.[.[/]                        : Initializing Spring embedded WebApplicationContext
2022-05-22 00:12:23.454  INFO DESKTOP-0QMR5QH --- [           main] w.s.c.ServletWebServerApplicationContext : Root WebApplicationContext: initialization completed in 1177 ms
2022-05-22 00:12:23.561  WARN DESKTOP-0QMR5QH --- [           main] JpaBaseConfiguration$JpaWebConfiguration : spring.jpa.open-in-view is enabled by default. Therefore, database queries may be performed during view rendering. Explicitly configure spring.jpa.open-in-view to disable this warning
2022-05-22 00:12:23.640  INFO DESKTOP-0QMR5QH --- [           main] o.h.j.i.u.LogHelper                      : HHH000204: Processing PersistenceUnitInfo [name: default]
2022-05-22 00:12:23.671  INFO DESKTOP-0QMR5QH --- [           main] o.h.Version                              : HHH000412: Hibernate ORM core version 5.6.8.Final
2022-05-22 00:12:23.750  INFO DESKTOP-0QMR5QH --- [           main] o.h.a.c.Version                          : HCANN000001: Hibernate Commons Annotations {5.1.2.Final}
2022-05-22 00:12:23.812  INFO DESKTOP-0QMR5QH --- [           main] c.z.h.HikariDataSource                   : HikariPool-1 - Starting...
2022-05-22 00:12:23.953  INFO DESKTOP-0QMR5QH --- [           main] c.z.h.HikariDataSource                   : HikariPool-1 - Start completed.
2022-05-22 00:12:23.953  INFO DESKTOP-0QMR5QH --- [           main] o.h.d.Dialect                            : HHH000400: Using dialect: org.hibernate.dialect.PostgreSQL95Dialect
2022-05-22 00:12:24.465  WARN DESKTOP-0QMR5QH --- [           main] o.h.e.j.s.SqlExceptionHelper             : SQL Warning Code: 0, SQLState: 00000
2022-05-22 00:12:24.465  WARN DESKTOP-0QMR5QH --- [           main] o.h.e.j.s.SqlExceptionHelper             : constraint "uk_it9oxa0rmaumshumc3m46lvam" of relation "organizations" does not exist, skipping
2022-05-22 00:12:24.465  WARN DESKTOP-0QMR5QH --- [           main] o.h.e.j.s.SqlExceptionHelper             : SQL Warning Code: 0, SQLState: 00000
2022-05-22 00:12:24.465  WARN DESKTOP-0QMR5QH --- [           main] o.h.e.j.s.SqlExceptionHelper             : constraint "uk_716hgxp60ym1lifrdgp67xt5k" of relation "roles" does not exist, skipping
2022-05-22 00:12:24.481  WARN DESKTOP-0QMR5QH --- [           main] o.h.e.j.s.SqlExceptionHelper             : SQL Warning Code: 0, SQLState: 00000
2022-05-22 00:12:24.481  WARN DESKTOP-0QMR5QH --- [           main] o.h.e.j.s.SqlExceptionHelper             : constraint "uk_6dotkott2kjsp8vw4d0m25fb7" of relation "users" does not exist, skipping
2022-05-22 00:12:24.481  WARN DESKTOP-0QMR5QH --- [           main] o.h.e.j.s.SqlExceptionHelper             : SQL Warning Code: 0, SQLState: 00000
2022-05-22 00:12:24.481  WARN DESKTOP-0QMR5QH --- [           main] o.h.e.j.s.SqlExceptionHelper             : constraint "uk_r43af9ap4edm43mmtq01oddj6" of relation "users" does not exist, skipping
2022-05-22 00:12:24.528  INFO DESKTOP-0QMR5QH --- [           main] o.h.e.t.j.p.i.JtaPlatformInitiator       : HHH000490: Using JtaPlatform implementation: [org.hibernate.engine.transaction.jta.platform.internal.NoJtaPlatform]
2022-05-22 00:12:24.528  INFO DESKTOP-0QMR5QH --- [           main] j.LocalContainerEntityManagerFactoryBean : Initialized JPA EntityManagerFactory for persistence unit 'default'
2022-05-22 00:12:25.081  WARN DESKTOP-0QMR5QH --- [           main] o.s.s.c.a.w.b.WebSecurity                : You are asking Spring Security to ignore Ant [pattern='/swagger-ui/**']. This is not recommended -- please use permitAll via HttpSecurity#authorizeHttpRequests instead.
2022-05-22 00:12:25.081  INFO DESKTOP-0QMR5QH --- [           main] o.s.s.w.DefaultSecurityFilterChain       : Will not secure Ant [pattern='/swagger-ui/**']
2022-05-22 00:12:25.081  WARN DESKTOP-0QMR5QH --- [           main] o.s.s.c.a.w.b.WebSecurity                : You are asking Spring Security to ignore Ant [pattern='/v3/api-docs/**']. This is not recommended -- please use permitAll via HttpSecurity#authorizeHttpRequests instead.
2022-05-22 00:12:25.081  INFO DESKTOP-0QMR5QH --- [           main] o.s.s.w.DefaultSecurityFilterChain       : Will not secure Ant [pattern='/v3/api-docs/**']
2022-05-22 00:12:25.113  INFO DESKTOP-0QMR5QH --- [           main] o.s.s.w.DefaultSecurityFilterChain       : Will secure any request with [org.springframework.security.web.context.request.async.WebAsyncManagerIntegrationFilter@6905d030, org.springframework.security.web.context.SecurityContextPersistenceFilter@20706e70, org.springframework.security.web.header.HeaderWriterFilter@4adc3951, org.springframework.security.web.authentication.logout.LogoutFilter@47cf65f1, az.abb.etaskify.filter.JwtFilter@6baee63b, org.springframework.security.web.savedrequest.RequestCacheAwareFilter@57283fac, org.springframework.security.web.servletapi.SecurityContextHolderAwareRequestFilter@526f8cb0, org.springframework.security.web.authentication.AnonymousAuthenticationFilter@641ab175, org.springframework.security.web.session.SessionManagementFilter@47bfde21, org.springframework.security.web.access.ExceptionTranslationFilter@63c88994, org.springframework.security.web.access.intercept.FilterSecurityInterceptor@3e7ddb7e]
2022-05-22 00:12:25.635  INFO DESKTOP-0QMR5QH --- [           main] o.a.c.h.Http11NioProtocol                : Starting ProtocolHandler ["http-nio-8090"]
2022-05-22 00:12:25.651  INFO DESKTOP-0QMR5QH --- [           main] o.s.b.w.e.t.TomcatWebServer              : Tomcat started on port(s): 8090 (http) with context path ''
2022-05-22 00:12:25.666  INFO DESKTOP-0QMR5QH --- [           main] a.a.e.ETaskifyApplication                : Started ETaskifyApplication in 3.847 seconds (JVM running for 4.701)
2022-05-22 00:13:09.557  INFO DESKTOP-0QMR5QH --- [nio-8090-exec-1] o.a.c.c.C.[.[.[/]                        : Initializing Spring DispatcherServlet 'dispatcherServlet'
2022-05-22 00:13:09.557  INFO DESKTOP-0QMR5QH --- [nio-8090-exec-1] o.s.w.s.DispatcherServlet                : Initializing Servlet 'dispatcherServlet'
2022-05-22 00:13:09.565  INFO DESKTOP-0QMR5QH --- [nio-8090-exec-1] o.s.w.s.DispatcherServlet                : Completed initialization in 8 ms
2022-05-22 00:13:09.862  INFO DESKTOP-0QMR5QH --- [nio-8090-exec-1] a.a.e.s.TaskService                      : OrganizationService/addNewOrg method started
2022-05-22 00:13:10.054 ERROR DESKTOP-0QMR5QH --- [nio-8090-exec-1] CustomizedResponseEntityExceptionHandler : General Exception handler exception -> HV000028: Unexpected exception during isValid call.
2022-05-22 00:29:12.380  INFO DESKTOP-0QMR5QH --- [ionShutdownHook] j.LocalContainerEntityManagerFactoryBean : Closing JPA EntityManagerFactory for persistence unit 'default'
2022-05-22 00:29:12.396  INFO DESKTOP-0QMR5QH --- [ionShutdownHook] c.z.h.HikariDataSource                   : HikariPool-1 - Shutdown initiated...
2022-05-22 00:29:12.396  INFO DESKTOP-0QMR5QH --- [ionShutdownHook] c.z.h.HikariDataSource                   : HikariPool-1 - Shutdown completed.
2022-05-22 00:29:24.047  INFO DESKTOP-0QMR5QH --- [kground-preinit] o.h.v.i.u.Version                        : HV000001: Hibernate Validator 6.2.3.Final
2022-05-22 00:29:24.068  INFO DESKTOP-0QMR5QH --- [           main] a.a.e.ETaskifyApplication                : Starting ETaskifyApplication using Java 11.0.13 on DESKTOP-0QMR5QH with PID 9372 (D:\IDEA PROJECTS\ETaskify\target\classes started by caci in D:\IDEA PROJECTS\ETaskify)
2022-05-22 00:29:24.068  INFO DESKTOP-0QMR5QH --- [           main] a.a.e.ETaskifyApplication                : The following 1 profile is active: "dev"
2022-05-22 00:29:24.698  INFO DESKTOP-0QMR5QH --- [           main] .s.d.r.c.RepositoryConfigurationDelegate : Bootstrapping Spring Data JPA repositories in DEFAULT mode.
2022-05-22 00:29:24.762  INFO DESKTOP-0QMR5QH --- [           main] .s.d.r.c.RepositoryConfigurationDelegate : Finished Spring Data repository scanning in 66 ms. Found 4 JPA repository interfaces.
2022-05-22 00:29:25.199  INFO DESKTOP-0QMR5QH --- [           main] o.s.b.w.e.t.TomcatWebServer              : Tomcat initialized with port(s): 8090 (http)
2022-05-22 00:29:25.210  INFO DESKTOP-0QMR5QH --- [           main] o.a.c.h.Http11NioProtocol                : Initializing ProtocolHandler ["http-nio-8090"]
2022-05-22 00:29:25.210  INFO DESKTOP-0QMR5QH --- [           main] o.a.c.c.StandardService                  : Starting service [Tomcat]
2022-05-22 00:29:25.210  INFO DESKTOP-0QMR5QH --- [           main] o.a.c.c.StandardEngine                   : Starting Servlet engine: [Apache Tomcat/9.0.62]
2022-05-22 00:29:25.307  INFO DESKTOP-0QMR5QH --- [           main] o.a.c.c.C.[.[.[/]                        : Initializing Spring embedded WebApplicationContext
2022-05-22 00:29:25.307  INFO DESKTOP-0QMR5QH --- [           main] w.s.c.ServletWebServerApplicationContext : Root WebApplicationContext: initialization completed in 1196 ms
2022-05-22 00:29:25.450  WARN DESKTOP-0QMR5QH --- [           main] JpaBaseConfiguration$JpaWebConfiguration : spring.jpa.open-in-view is enabled by default. Therefore, database queries may be performed during view rendering. Explicitly configure spring.jpa.open-in-view to disable this warning
2022-05-22 00:29:25.510  INFO DESKTOP-0QMR5QH --- [           main] o.h.j.i.u.LogHelper                      : HHH000204: Processing PersistenceUnitInfo [name: default]
2022-05-22 00:29:25.542  INFO DESKTOP-0QMR5QH --- [           main] o.h.Version                              : HHH000412: Hibernate ORM core version 5.6.8.Final
2022-05-22 00:29:25.664  INFO DESKTOP-0QMR5QH --- [           main] o.h.a.c.Version                          : HCANN000001: Hibernate Commons Annotations {5.1.2.Final}
2022-05-22 00:29:25.742  INFO DESKTOP-0QMR5QH --- [           main] c.z.h.HikariDataSource                   : HikariPool-1 - Starting...
2022-05-22 00:29:25.895  INFO DESKTOP-0QMR5QH --- [           main] c.z.h.HikariDataSource                   : HikariPool-1 - Start completed.
2022-05-22 00:29:25.911  INFO DESKTOP-0QMR5QH --- [           main] o.h.d.Dialect                            : HHH000400: Using dialect: org.hibernate.dialect.PostgreSQL95Dialect
2022-05-22 00:29:26.043 ERROR DESKTOP-0QMR5QH --- [           main] j.LocalContainerEntityManagerFactoryBean : Failed to initialize JPA EntityManagerFactory: Unable to create unique key constraint (roleName) on table roles: database column 'roleName' not found. Make sure that you use the correct column name which depends on the naming strategy in use (it may not be the same as the property name in the entity, especially for relational types)
2022-05-22 00:29:26.043 ERROR DESKTOP-0QMR5QH --- [           main] o.s.b.w.e.t.TomcatStarter                : Error starting Tomcat context. Exception: org.springframework.beans.factory.UnsatisfiedDependencyException. Message: Error creating bean with name 'jwtFilter' defined in file [D:\IDEA PROJECTS\ETaskify\target\classes\az\abb\etaskify\filter\JwtFilter.class]: Unsatisfied dependency expressed through constructor parameter 1; nested exception is org.springframework.beans.factory.UnsatisfiedDependencyException: Error creating bean with name 'org.springframework.boot.autoconfigure.web.servlet.WebMvcAutoConfiguration$EnableWebMvcConfiguration': Unsatisfied dependency expressed through method 'setConfigurers' parameter 0; nested exception is org.springframework.beans.factory.UnsatisfiedDependencyException: Error creating bean with name 'openEntityManagerInViewInterceptorConfigurer' defined in class path resource [org/springframework/boot/autoconfigure/orm/jpa/JpaBaseConfiguration$JpaWebConfiguration.class]: Unsatisfied dependency expressed through method 'openEntityManagerInViewInterceptorConfigurer' parameter 0; nested exception is org.springframework.beans.factory.BeanCreationException: Error creating bean with name 'openEntityManagerInViewInterceptor' defined in class path resource [org/springframework/boot/autoconfigure/orm/jpa/JpaBaseConfiguration$JpaWebConfiguration.class]: Initialization of bean failed; nested exception is org.springframework.beans.factory.BeanCreationException: Error creating bean with name 'entityManagerFactory' defined in class path resource [org/springframework/boot/autoconfigure/orm/jpa/HibernateJpaConfiguration.class]: Invocation of init method failed; nested exception is org.hibernate.AnnotationException: Unable to create unique key constraint (roleName) on table roles: database column 'roleName' not found. Make sure that you use the correct column name which depends on the naming strategy in use (it may not be the same as the property name in the entity, especially for relational types)
2022-05-22 00:29:26.064  INFO DESKTOP-0QMR5QH --- [           main] o.a.c.c.StandardService                  : Stopping service [Tomcat]
2022-05-22 00:29:26.064  WARN DESKTOP-0QMR5QH --- [           main] o.a.c.l.WebappClassLoaderBase            : The web application [ROOT] appears to have started a thread named [HikariPool-1 housekeeper] but has failed to stop it. This is very likely to create a memory leak. Stack trace of thread:
 java.base@11.0.13/jdk.internal.misc.Unsafe.park(Native Method)
 java.base@11.0.13/java.util.concurrent.locks.LockSupport.parkNanos(LockSupport.java:234)
 java.base@11.0.13/java.util.concurrent.locks.AbstractQueuedSynchronizer$ConditionObject.awaitNanos(AbstractQueuedSynchronizer.java:2123)
 java.base@11.0.13/java.util.concurrent.ScheduledThreadPoolExecutor$DelayedWorkQueue.take(ScheduledThreadPoolExecutor.java:1182)
 java.base@11.0.13/java.util.concurrent.ScheduledThreadPoolExecutor$DelayedWorkQueue.take(ScheduledThreadPoolExecutor.java:899)
 java.base@11.0.13/java.util.concurrent.ThreadPoolExecutor.getTask(ThreadPoolExecutor.java:1054)
 java.base@11.0.13/java.util.concurrent.ThreadPoolExecutor.runWorker(ThreadPoolExecutor.java:1114)
 java.base@11.0.13/java.util.concurrent.ThreadPoolExecutor$Worker.run(ThreadPoolExecutor.java:628)
 java.base@11.0.13/java.lang.Thread.run(Thread.java:834)
2022-05-22 00:29:26.080  WARN DESKTOP-0QMR5QH --- [           main] o.a.c.l.WebappClassLoaderBase            : The web application [ROOT] appears to have started a thread named [HikariPool-1 connection adder] but has failed to stop it. This is very likely to create a memory leak. Stack trace of thread:
 java.base@11.0.13/jdk.internal.misc.Unsafe.park(Native Method)
 java.base@11.0.13/java.util.concurrent.locks.LockSupport.parkNanos(LockSupport.java:234)
 java.base@11.0.13/java.util.concurrent.locks.AbstractQueuedSynchronizer$ConditionObject.awaitNanos(AbstractQueuedSynchronizer.java:2123)
 java.base@11.0.13/java.util.concurrent.LinkedBlockingQueue.poll(LinkedBlockingQueue.java:458)
 java.base@11.0.13/java.util.concurrent.ThreadPoolExecutor.getTask(ThreadPoolExecutor.java:1053)
 java.base@11.0.13/java.util.concurrent.ThreadPoolExecutor.runWorker(ThreadPoolExecutor.java:1114)
 java.base@11.0.13/java.util.concurrent.ThreadPoolExecutor$Worker.run(ThreadPoolExecutor.java:628)
 java.base@11.0.13/java.lang.Thread.run(Thread.java:834)
2022-05-22 00:29:26.080  WARN DESKTOP-0QMR5QH --- [           main] ConfigServletWebServerApplicationContext : Exception encountered during context initialization - cancelling refresh attempt: org.springframework.context.ApplicationContextException: Unable to start web server; nested exception is org.springframework.boot.web.server.WebServerException: Unable to start embedded Tomcat
2022-05-22 00:29:26.080  INFO DESKTOP-0QMR5QH --- [           main] c.z.h.HikariDataSource                   : HikariPool-1 - Shutdown initiated...
2022-05-22 00:29:26.080  INFO DESKTOP-0QMR5QH --- [           main] c.z.h.HikariDataSource                   : HikariPool-1 - Shutdown completed.
2022-05-22 00:29:26.095  INFO DESKTOP-0QMR5QH --- [           main] ConditionEvaluationReportLoggingListener : 

Error starting ApplicationContext. To display the conditions report re-run your application with 'debug' enabled.
2022-05-22 00:29:26.108 ERROR DESKTOP-0QMR5QH --- [           main] o.s.b.SpringApplication                  : Application run failed
org.springframework.context.ApplicationContextException: Unable to start web server; nested exception is org.springframework.boot.web.server.WebServerException: Unable to start embedded Tomcat
	at org.springframework.boot.web.servlet.context.ServletWebServerApplicationContext.onRefresh(ServletWebServerApplicationContext.java:163)
	at org.springframework.context.support.AbstractApplicationContext.refresh(AbstractApplicationContext.java:577)
	at org.springframework.boot.web.servlet.context.ServletWebServerApplicationContext.refresh(ServletWebServerApplicationContext.java:145)
	at org.springframework.boot.SpringApplication.refresh(SpringApplication.java:740)
	at org.springframework.boot.SpringApplication.refreshContext(SpringApplication.java:415)
	at org.springframework.boot.SpringApplication.run(SpringApplication.java:303)
	at org.springframework.boot.SpringApplication.run(SpringApplication.java:1312)
	at org.springframework.boot.SpringApplication.run(SpringApplication.java:1301)
	at az.abb.etaskify.ETaskifyApplication.main(ETaskifyApplication.java:22)
Caused by: org.springframework.boot.web.server.WebServerException: Unable to start embedded Tomcat
	at org.springframework.boot.web.embedded.tomcat.TomcatWebServer.initialize(TomcatWebServer.java:142)
	at org.springframework.boot.web.embedded.tomcat.TomcatWebServer.<init>(TomcatWebServer.java:104)
	at org.springframework.boot.web.embedded.tomcat.TomcatServletWebServerFactory.getTomcatWebServer(TomcatServletWebServerFactory.java:479)
	at org.springframework.boot.web.embedded.tomcat.TomcatServletWebServerFactory.getWebServer(TomcatServletWebServerFactory.java:211)
	at org.springframework.boot.web.servlet.context.ServletWebServerApplicationContext.createWebServer(ServletWebServerApplicationContext.java:182)
	at org.springframework.boot.web.servlet.context.ServletWebServerApplicationContext.onRefresh(ServletWebServerApplicationContext.java:160)
	... 8 more
Caused by: org.springframework.beans.factory.UnsatisfiedDependencyException: Error creating bean with name 'jwtFilter' defined in file [D:\IDEA PROJECTS\ETaskify\target\classes\az\abb\etaskify\filter\JwtFilter.class]: Unsatisfied dependency expressed through constructor parameter 1; nested exception is org.springframework.beans.factory.UnsatisfiedDependencyException: Error creating bean with name 'org.springframework.boot.autoconfigure.web.servlet.WebMvcAutoConfiguration$EnableWebMvcConfiguration': Unsatisfied dependency expressed through method 'setConfigurers' parameter 0; nested exception is org.springframework.beans.factory.UnsatisfiedDependencyException: Error creating bean with name 'openEntityManagerInViewInterceptorConfigurer' defined in class path resource [org/springframework/boot/autoconfigure/orm/jpa/JpaBaseConfiguration$JpaWebConfiguration.class]: Unsatisfied dependency expressed through method 'openEntityManagerInViewInterceptorConfigurer' parameter 0; nested exception is org.springframework.beans.factory.BeanCreationException: Error creating bean with name 'openEntityManagerInViewInterceptor' defined in class path resource [org/springframework/boot/autoconfigure/orm/jpa/JpaBaseConfiguration$JpaWebConfiguration.class]: Initialization of bean failed; nested exception is org.springframework.beans.factory.BeanCreationException: Error creating bean with name 'entityManagerFactory' defined in class path resource [org/springframework/boot/autoconfigure/orm/jpa/HibernateJpaConfiguration.class]: Invocation of init method failed; nested exception is org.hibernate.AnnotationException: Unable to create unique key constraint (roleName) on table roles: database column 'roleName' not found. Make sure that you use the correct column name which depends on the naming strategy in use (it may not be the same as the property name in the entity, especially for relational types)
	at org.springframework.beans.factory.support.ConstructorResolver.createArgumentArray(ConstructorResolver.java:800)
	at org.springframework.beans.factory.support.ConstructorResolver.autowireConstructor(ConstructorResolver.java:229)
	at org.springframework.beans.factory.support.AbstractAutowireCapableBeanFactory.autowireConstructor(AbstractAutowireCapableBeanFactory.java:1372)
	at org.springframework.beans.factory.support.AbstractAutowireCapableBeanFactory.createBeanInstance(AbstractAutowireCapableBeanFactory.java:1222)
	at org.springframework.beans.factory.support.AbstractAutowireCapableBeanFactory.doCreateBean(AbstractAutowireCapableBeanFactory.java:582)
	at org.springframework.beans.factory.support.AbstractAutowireCapableBeanFactory.createBean(AbstractAutowireCapableBeanFactory.java:542)
	at org.springframework.beans.factory.support.AbstractBeanFactory.lambda$doGetBean$0(AbstractBeanFactory.java:335)
	at org.springframework.beans.factory.support.DefaultSingletonBeanRegistry.getSingleton(DefaultSingletonBeanRegistry.java:234)
	at org.springframework.beans.factory.support.AbstractBeanFactory.doGetBean(AbstractBeanFactory.java:333)
	at org.springframework.beans.factory.support.AbstractBeanFactory.getBean(AbstractBeanFactory.java:213)
	at org.springframework.boot.web.servlet.ServletContextInitializerBeans.getOrderedBeansOfType(ServletContextInitializerBeans.java:212)
	at org.springframework.boot.web.servlet.ServletContextInitializerBeans.addAsRegistrationBean(ServletContextInitializerBeans.java:175)
	at org.springframework.boot.web.servlet.ServletContextInitializerBeans.addAsRegistrationBean(ServletContextInitializerBeans.java:170)
	at org.springframework.boot.web.servlet.ServletContextInitializerBeans.addAdaptableBeans(ServletContextInitializerBeans.java:155)
	at org.springframework.boot.web.servlet.ServletContextInitializerBeans.<init>(ServletContextInitializerBeans.java:87)
	at org.springframework.boot.web.servlet.context.ServletWebServerApplicationContext.getServletContextInitializerBeans(ServletWebServerApplicationContext.java:260)
	at org.springframework.boot.web.servlet.context.ServletWebServerApplicationContext.selfInitialize(ServletWebServerApplicationContext.java:234)
	at org.springframework.boot.web.embedded.tomcat.TomcatStarter.onStartup(TomcatStarter.java:53)
	at org.apache.catalina.core.StandardContext.startInternal(StandardContext.java:5219)
	at org.apache.catalina.util.LifecycleBase.start(LifecycleBase.java:183)
	at org.apache.catalina.core.ContainerBase$StartChild.call(ContainerBase.java:1396)
	at org.apache.catalina.core.ContainerBase$StartChild.call(ContainerBase.java:1386)
	at java.base/java.util.concurrent.FutureTask.run(FutureTask.java:264)
	at org.apache.tomcat.util.threads.InlineExecutorService.execute(InlineExecutorService.java:75)
	at java.base/java.util.concurrent.AbstractExecutorService.submit(AbstractExecutorService.java:140)
	at org.apache.catalina.core.ContainerBase.startInternal(ContainerBase.java:919)
	at org.apache.catalina.core.StandardHost.startInternal(StandardHost.java:835)
	at org.apache.catalina.util.LifecycleBase.start(LifecycleBase.java:183)
	at org.apache.catalina.core.ContainerBase$StartChild.call(ContainerBase.java:1396)
	at org.apache.catalina.core.ContainerBase$StartChild.call(ContainerBase.java:1386)
	at java.base/java.util.concurrent.FutureTask.run(FutureTask.java:264)
	at org.apache.tomcat.util.threads.InlineExecutorService.execute(InlineExecutorService.java:75)
	at java.base/java.util.concurrent.AbstractExecutorService.submit(AbstractExecutorService.java:140)
	at org.apache.catalina.core.ContainerBase.startInternal(ContainerBase.java:919)
	at org.apache.catalina.core.StandardEngine.startInternal(StandardEngine.java:263)
	at org.apache.catalina.util.LifecycleBase.start(LifecycleBase.java:183)
	at org.apache.catalina.core.StandardService.startInternal(StandardService.java:432)
	at org.apache.catalina.util.LifecycleBase.start(LifecycleBase.java:183)
	at org.apache.catalina.core.StandardServer.startInternal(StandardServer.java:927)
	at org.apache.catalina.util.LifecycleBase.start(LifecycleBase.java:183)
	at org.apache.catalina.startup.Tomcat.start(Tomcat.java:486)
	at org.springframework.boot.web.embedded.tomcat.TomcatWebServer.initialize(TomcatWebServer.java:123)
	... 13 more
Caused by: org.springframework.beans.factory.UnsatisfiedDependencyException: Error creating bean with name 'org.springframework.boot.autoconfigure.web.servlet.WebMvcAutoConfiguration$EnableWebMvcConfiguration': Unsatisfied dependency expressed through method 'setConfigurers' parameter 0; nested exception is org.springframework.beans.factory.UnsatisfiedDependencyException: Error creating bean with name 'openEntityManagerInViewInterceptorConfigurer' defined in class path resource [org/springframework/boot/autoconfigure/orm/jpa/JpaBaseConfiguration$JpaWebConfiguration.class]: Unsatisfied dependency expressed through method 'openEntityManagerInViewInterceptorConfigurer' parameter 0; nested exception is org.springframework.beans.factory.BeanCreationException: Error creating bean with name 'openEntityManagerInViewInterceptor' defined in class path resource [org/springframework/boot/autoconfigure/orm/jpa/JpaBaseConfiguration$JpaWebConfiguration.class]: Initialization of bean failed; nested exception is org.springframework.beans.factory.BeanCreationException: Error creating bean with name 'entityManagerFactory' defined in class path resource [org/springframework/boot/autoconfigure/orm/jpa/HibernateJpaConfiguration.class]: Invocation of init method failed; nested exception is org.hibernate.AnnotationException: Unable to create unique key constraint (roleName) on table roles: database column 'roleName' not found. Make sure that you use the correct column name which depends on the naming strategy in use (it may not be the same as the property name in the entity, especially for relational types)
	at org.springframework.beans.factory.annotation.AutowiredAnnotationBeanPostProcessor$AutowiredMethodElement.resolveMethodArguments(AutowiredAnnotationBeanPostProcessor.java:767)
	at org.springframework.beans.factory.annotation.AutowiredAnnotationBeanPostProcessor$AutowiredMethodElement.inject(AutowiredAnnotationBeanPostProcessor.java:719)
	at org.springframework.beans.factory.annotation.InjectionMetadata.inject(InjectionMetadata.java:119)
	at org.springframework.beans.factory.annotation.AutowiredAnnotationBeanPostProcessor.postProcessProperties(AutowiredAnnotationBeanPostProcessor.java:399)
	at org.springframework.beans.factory.support.AbstractAutowireCapableBeanFactory.populateBean(AbstractAutowireCapableBeanFactory.java:1431)
	at org.springframework.beans.factory.support.AbstractAutowireCapableBeanFactory.doCreateBean(AbstractAutowireCapableBeanFactory.java:619)
	at org.springframework.beans.factory.support.AbstractAutowireCapableBeanFactory.createBean(AbstractAutowireCapableBeanFactory.java:542)
	at org.springframework.beans.factory.support.AbstractBeanFactory.lambda$doGetBean$0(AbstractBeanFactory.java:335)
	at org.springframework.beans.factory.support.DefaultSingletonBeanRegistry.getSingleton(DefaultSingletonBeanRegistry.java:234)
	at org.springframework.beans.factory.support.AbstractBeanFactory.doGetBean(AbstractBeanFactory.java:333)
	at org.springframework.beans.factory.support.AbstractBeanFactory.getBean(AbstractBeanFactory.java:208)
	at org.springframework.beans.factory.support.ConstructorResolver.instantiateUsingFactoryMethod(ConstructorResolver.java:410)
	at org.springframework.beans.factory.support.AbstractAutowireCapableBeanFactory.instantiateUsingFactoryMethod(AbstractAutowireCapableBeanFactory.java:1352)
	at org.springframework.beans.factory.support.AbstractAutowireCapableBeanFactory.createBeanInstance(AbstractAutowireCapableBeanFactory.java:1195)
	at org.springframework.beans.factory.support.AbstractAutowireCapableBeanFactory.doCreateBean(AbstractAutowireCapableBeanFactory.java:582)
	at org.springframework.beans.factory.support.AbstractAutowireCapableBeanFactory.createBean(AbstractAutowireCapableBeanFactory.java:542)
	at org.springframework.beans.factory.support.AbstractBeanFactory.lambda$doGetBean$0(AbstractBeanFactory.java:335)
	at org.springframework.beans.factory.support.DefaultSingletonBeanRegistry.getSingleton(DefaultSingletonBeanRegistry.java:234)
	at org.springframework.beans.factory.support.AbstractBeanFactory.doGetBean(AbstractBeanFactory.java:333)
	at org.springframework.beans.factory.support.AbstractBeanFactory.getBean(AbstractBeanFactory.java:208)
	at org.springframework.beans.factory.config.DependencyDescriptor.resolveCandidate(DependencyDescriptor.java:276)
	at org.springframework.beans.factory.support.DefaultListableBeanFactory.doResolveDependency(DefaultListableBeanFactory.java:1389)
	at org.springframework.beans.factory.support.DefaultListableBeanFactory.resolveDependency(DefaultListableBeanFactory.java:1309)
	at org.springframework.beans.factory.support.ConstructorResolver.resolveAutowiredArgument(ConstructorResolver.java:887)
	at org.springframework.beans.factory.support.ConstructorResolver.createArgumentArray(ConstructorResolver.java:791)
	... 54 more
Caused by: org.springframework.beans.factory.UnsatisfiedDependencyException: Error creating bean with name 'openEntityManagerInViewInterceptorConfigurer' defined in class path resource [org/springframework/boot/autoconfigure/orm/jpa/JpaBaseConfiguration$JpaWebConfiguration.class]: Unsatisfied dependency expressed through method 'openEntityManagerInViewInterceptorConfigurer' parameter 0; nested exception is org.springframework.beans.factory.BeanCreationException: Error creating bean with name 'openEntityManagerInViewInterceptor' defined in class path resource [org/springframework/boot/autoconfigure/orm/jpa/JpaBaseConfiguration$JpaWebConfiguration.class]: Initialization of bean failed; nested exception is org.springframework.beans.factory.BeanCreationException: Error creating bean with name 'entityManagerFactory' defined in class path resource [org/springframework/boot/autoconfigure/orm/jpa/HibernateJpaConfiguration.class]: Invocation of init method failed; nested exception is org.hibernate.AnnotationException: Unable to create unique key constraint (roleName) on table roles: database column 'roleName' not found. Make sure that you use the correct column name which depends on the naming strategy in use (it may not be the same as the property name in the entity, especially for relational types)
	at org.springframework.beans.factory.support.ConstructorResolver.createArgumentArray(ConstructorResolver.java:800)
	at org.springframework.beans.factory.support.ConstructorResolver.instantiateUsingFactoryMethod(ConstructorResolver.java:541)
	at org.springframework.beans.factory.support.AbstractAutowireCapableBeanFactory.instantiateUsingFactoryMethod(AbstractAutowireCapableBeanFactory.java:1352)
	at org.springframework.beans.factory.support.AbstractAutowireCapableBeanFactory.createBeanInstance(AbstractAutowireCapableBeanFactory.java:1195)
	at org.springframework.beans.factory.support.AbstractAutowireCapableBeanFactory.doCreateBean(AbstractAutowireCapableBeanFactory.java:582)
	at org.springframework.beans.factory.support.AbstractAutowireCapableBeanFactory.createBean(AbstractAutowireCapableBeanFactory.java:542)
	at org.springframework.beans.factory.support.AbstractBeanFactory.lambda$doGetBean$0(AbstractBeanFactory.java:335)
	at org.springframework.beans.factory.support.DefaultSingletonBeanRegistry.getSingleton(DefaultSingletonBeanRegistry.java:234)
	at org.springframework.beans.factory.support.AbstractBeanFactory.doGetBean(AbstractBeanFactory.java:333)
	at org.springframework.beans.factory.support.AbstractBeanFactory.getBean(AbstractBeanFactory.java:208)
	at org.springframework.beans.factory.config.DependencyDescriptor.resolveCandidate(DependencyDescriptor.java:276)
	at org.springframework.beans.factory.support.DefaultListableBeanFactory.addCandidateEntry(DefaultListableBeanFactory.java:1607)
	at org.springframework.beans.factory.support.DefaultListableBeanFactory.findAutowireCandidates(DefaultListableBeanFactory.java:1571)
	at org.springframework.beans.factory.support.DefaultListableBeanFactory.resolveMultipleBeans(DefaultListableBeanFactory.java:1460)
	at org.springframework.beans.factory.support.DefaultListableBeanFactory.doResolveDependency(DefaultListableBeanFactory.java:1347)
	at org.springframework.beans.factory.support.DefaultListableBeanFactory.resolveDependency(DefaultListableBeanFactory.java:1309)
	at org.springframework.beans.factory.annotation.AutowiredAnnotationBeanPostProcessor$AutowiredMethodElement.resolveMethodArguments(AutowiredAnnotationBeanPostProcessor.java:759)
	... 78 more
Caused by: org.springframework.beans.factory.BeanCreationException: Error creating bean with name 'openEntityManagerInViewInterceptor' defined in class path resource [org/springframework/boot/autoconfigure/orm/jpa/JpaBaseConfiguration$JpaWebConfiguration.class]: Initialization of bean failed; nested exception is org.springframework.beans.factory.BeanCreationException: Error creating bean with name 'entityManagerFactory' defined in class path resource [org/springframework/boot/autoconfigure/orm/jpa/HibernateJpaConfiguration.class]: Invocation of init method failed; nested exception is org.hibernate.AnnotationException: Unable to create unique key constraint (roleName) on table roles: database column 'roleName' not found. Make sure that you use the correct column name which depends on the naming strategy in use (it may not be the same as the property name in the entity, especially for relational types)
	at org.springframework.beans.factory.support.AbstractAutowireCapableBeanFactory.doCreateBean(AbstractAutowireCapableBeanFactory.java:628)
	at org.springframework.beans.factory.support.AbstractAutowireCapableBeanFactory.createBean(AbstractAutowireCapableBeanFactory.java:542)
	at org.springframework.beans.factory.support.AbstractBeanFactory.lambda$doGetBean$0(AbstractBeanFactory.java:335)
	at org.springframework.beans.factory.support.DefaultSingletonBeanRegistry.getSingleton(DefaultSingletonBeanRegistry.java:234)
	at org.springframework.beans.factory.support.AbstractBeanFactory.doGetBean(AbstractBeanFactory.java:333)
	at org.springframework.beans.factory.support.AbstractBeanFactory.getBean(AbstractBeanFactory.java:208)
	at org.springframework.beans.factory.config.DependencyDescriptor.resolveCandidate(DependencyDescriptor.java:276)
	at org.springframework.beans.factory.support.DefaultListableBeanFactory.doResolveDependency(DefaultListableBeanFactory.java:1389)
	at org.springframework.beans.factory.support.DefaultListableBeanFactory.resolveDependency(DefaultListableBeanFactory.java:1309)
	at org.springframework.beans.factory.support.ConstructorResolver.resolveAutowiredArgument(ConstructorResolver.java:887)
	at org.springframework.beans.factory.support.ConstructorResolver.createArgumentArray(ConstructorResolver.java:791)
	... 94 more
Caused by: org.springframework.beans.factory.BeanCreationException: Error creating bean with name 'entityManagerFactory' defined in class path resource [org/springframework/boot/autoconfigure/orm/jpa/HibernateJpaConfiguration.class]: Invocation of init method failed; nested exception is org.hibernate.AnnotationException: Unable to create unique key constraint (roleName) on table roles: database column 'roleName' not found. Make sure that you use the correct column name which depends on the naming strategy in use (it may not be the same as the property name in the entity, especially for relational types)
	at org.springframework.beans.factory.support.AbstractAutowireCapableBeanFactory.initializeBean(AbstractAutowireCapableBeanFactory.java:1804)
	at org.springframework.beans.factory.support.AbstractAutowireCapableBeanFactory.doCreateBean(AbstractAutowireCapableBeanFactory.java:620)
	at org.springframework.beans.factory.support.AbstractAutowireCapableBeanFactory.createBean(AbstractAutowireCapableBeanFactory.java:542)
	at org.springframework.beans.factory.support.AbstractBeanFactory.lambda$doGetBean$0(AbstractBeanFactory.java:335)
	at org.springframework.beans.factory.support.DefaultSingletonBeanRegistry.getSingleton(DefaultSingletonBeanRegistry.java:234)
	at org.springframework.beans.factory.support.AbstractBeanFactory.doGetBean(AbstractBeanFactory.java:333)
	at org.springframework.beans.factory.support.AbstractBeanFactory.getBean(AbstractBeanFactory.java:233)
	at org.springframework.beans.factory.support.DefaultListableBeanFactory.resolveNamedBean(DefaultListableBeanFactory.java:1282)
	at org.springframework.beans.factory.support.DefaultListableBeanFactory.resolveNamedBean(DefaultListableBeanFactory.java:1243)
	at org.springframework.beans.factory.support.DefaultListableBeanFactory.resolveBean(DefaultListableBeanFactory.java:494)
	at org.springframework.beans.factory.support.DefaultListableBeanFactory.getBean(DefaultListableBeanFactory.java:349)
	at org.springframework.beans.factory.support.DefaultListableBeanFactory.getBean(DefaultListableBeanFactory.java:342)
	at org.springframework.orm.jpa.EntityManagerFactoryUtils.findEntityManagerFactory(EntityManagerFactoryUtils.java:121)
	at org.springframework.orm.jpa.EntityManagerFactoryAccessor.setBeanFactory(EntityManagerFactoryAccessor.java:155)
	at org.springframework.beans.factory.support.AbstractAutowireCapableBeanFactory.invokeAwareMethods(AbstractAutowireCapableBeanFactory.java:1826)
	at org.springframework.beans.factory.support.AbstractAutowireCapableBeanFactory.initializeBean(AbstractAutowireCapableBeanFactory.java:1791)
	at org.springframework.beans.factory.support.AbstractAutowireCapableBeanFactory.doCreateBean(AbstractAutowireCapableBeanFactory.java:620)
	... 104 more
Caused by: org.hibernate.AnnotationException: Unable to create unique key constraint (roleName) on table roles: database column 'roleName' not found. Make sure that you use the correct column name which depends on the naming strategy in use (it may not be the same as the property name in the entity, especially for relational types)
	at org.hibernate.boot.internal.InFlightMetadataCollectorImpl.buildUniqueKeyFromColumnNames(InFlightMetadataCollectorImpl.java:2060)
	at org.hibernate.boot.internal.InFlightMetadataCollectorImpl.buildUniqueKeyFromColumnNames(InFlightMetadataCollectorImpl.java:1921)
	at org.hibernate.boot.internal.InFlightMetadataCollectorImpl.processUniqueConstraintHolders(InFlightMetadataCollectorImpl.java:1909)
	at org.hibernate.boot.internal.InFlightMetadataCollectorImpl.processSecondPasses(InFlightMetadataCollectorImpl.java:1635)
	at org.hibernate.boot.model.process.spi.MetadataBuildingProcess.complete(MetadataBuildingProcess.java:295)
	at org.hibernate.jpa.boot.internal.EntityManagerFactoryBuilderImpl.metadata(EntityManagerFactoryBuilderImpl.java:1460)
	at org.hibernate.jpa.boot.internal.EntityManagerFactoryBuilderImpl.build(EntityManagerFactoryBuilderImpl.java:1494)
	at org.springframework.orm.jpa.vendor.SpringHibernateJpaPersistenceProvider.createContainerEntityManagerFactory(SpringHibernateJpaPersistenceProvider.java:58)
	at org.springframework.orm.jpa.LocalContainerEntityManagerFactoryBean.createNativeEntityManagerFactory(LocalContainerEntityManagerFactoryBean.java:365)
	at org.springframework.orm.jpa.AbstractEntityManagerFactoryBean.buildNativeEntityManagerFactory(AbstractEntityManagerFactoryBean.java:409)
	at org.springframework.orm.jpa.AbstractEntityManagerFactoryBean.afterPropertiesSet(AbstractEntityManagerFactoryBean.java:396)
	at org.springframework.orm.jpa.LocalContainerEntityManagerFactoryBean.afterPropertiesSet(LocalContainerEntityManagerFactoryBean.java:341)
	at org.springframework.beans.factory.support.AbstractAutowireCapableBeanFactory.invokeInitMethods(AbstractAutowireCapableBeanFactory.java:1863)
	at org.springframework.beans.factory.support.AbstractAutowireCapableBeanFactory.initializeBean(AbstractAutowireCapableBeanFactory.java:1800)
	... 120 more
2022-05-22 00:35:23.187  INFO DESKTOP-0QMR5QH --- [kground-preinit] o.h.v.i.u.Version                        : HV000001: Hibernate Validator 6.2.3.Final
2022-05-22 00:35:23.219  INFO DESKTOP-0QMR5QH --- [           main] a.a.e.ETaskifyApplication                : Starting ETaskifyApplication using Java 11.0.13 on DESKTOP-0QMR5QH with PID 18008 (D:\IDEA PROJECTS\ETaskify\target\classes started by caci in D:\IDEA PROJECTS\ETaskify)
2022-05-22 00:35:23.219  INFO DESKTOP-0QMR5QH --- [           main] a.a.e.ETaskifyApplication                : The following 1 profile is active: "dev"
2022-05-22 00:35:23.889  INFO DESKTOP-0QMR5QH --- [           main] .s.d.r.c.RepositoryConfigurationDelegate : Bootstrapping Spring Data JPA repositories in DEFAULT mode.
2022-05-22 00:35:23.961  INFO DESKTOP-0QMR5QH --- [           main] .s.d.r.c.RepositoryConfigurationDelegate : Finished Spring Data repository scanning in 64 ms. Found 4 JPA repository interfaces.
2022-05-22 00:35:24.415  INFO DESKTOP-0QMR5QH --- [           main] o.s.b.w.e.t.TomcatWebServer              : Tomcat initialized with port(s): 8090 (http)
2022-05-22 00:35:24.431  INFO DESKTOP-0QMR5QH --- [           main] o.a.c.h.Http11NioProtocol                : Initializing ProtocolHandler ["http-nio-8090"]
2022-05-22 00:35:24.431  INFO DESKTOP-0QMR5QH --- [           main] o.a.c.c.StandardService                  : Starting service [Tomcat]
2022-05-22 00:35:24.431  INFO DESKTOP-0QMR5QH --- [           main] o.a.c.c.StandardEngine                   : Starting Servlet engine: [Apache Tomcat/9.0.62]
2022-05-22 00:35:24.511  INFO DESKTOP-0QMR5QH --- [           main] o.a.c.c.C.[.[.[/]                        : Initializing Spring embedded WebApplicationContext
2022-05-22 00:35:24.511  INFO DESKTOP-0QMR5QH --- [           main] w.s.c.ServletWebServerApplicationContext : Root WebApplicationContext: initialization completed in 1227 ms
2022-05-22 00:35:24.600  WARN DESKTOP-0QMR5QH --- [           main] JpaBaseConfiguration$JpaWebConfiguration : spring.jpa.open-in-view is enabled by default. Therefore, database queries may be performed during view rendering. Explicitly configure spring.jpa.open-in-view to disable this warning
2022-05-22 00:35:24.664  INFO DESKTOP-0QMR5QH --- [           main] o.h.j.i.u.LogHelper                      : HHH000204: Processing PersistenceUnitInfo [name: default]
2022-05-22 00:35:24.688  INFO DESKTOP-0QMR5QH --- [           main] o.h.Version                              : HHH000412: Hibernate ORM core version 5.6.8.Final
2022-05-22 00:35:24.768  INFO DESKTOP-0QMR5QH --- [           main] o.h.a.c.Version                          : HCANN000001: Hibernate Commons Annotations {5.1.2.Final}
2022-05-22 00:35:24.824  INFO DESKTOP-0QMR5QH --- [           main] c.z.h.HikariDataSource                   : HikariPool-1 - Starting...
2022-05-22 00:35:25.020  INFO DESKTOP-0QMR5QH --- [           main] c.z.h.HikariDataSource                   : HikariPool-1 - Start completed.
2022-05-22 00:35:25.044  INFO DESKTOP-0QMR5QH --- [           main] o.h.d.Dialect                            : HHH000400: Using dialect: org.hibernate.dialect.PostgreSQL95Dialect
2022-05-22 00:35:25.579  WARN DESKTOP-0QMR5QH --- [           main] o.h.e.j.s.SqlExceptionHelper             : SQL Warning Code: 0, SQLState: 00000
2022-05-22 00:35:25.579  WARN DESKTOP-0QMR5QH --- [           main] o.h.e.j.s.SqlExceptionHelper             : constraint "uk_it9oxa0rmaumshumc3m46lvam" of relation "organizations" does not exist, skipping
2022-05-22 00:35:25.579  WARN DESKTOP-0QMR5QH --- [           main] o.h.e.j.s.SqlExceptionHelper             : SQL Warning Code: 0, SQLState: 00000
2022-05-22 00:35:25.579  WARN DESKTOP-0QMR5QH --- [           main] o.h.e.j.s.SqlExceptionHelper             : constraint "uk_716hgxp60ym1lifrdgp67xt5k" of relation "roles" does not exist, skipping
2022-05-22 00:35:25.579  WARN DESKTOP-0QMR5QH --- [           main] o.h.e.j.s.SqlExceptionHelper             : SQL Warning Code: 0, SQLState: 00000
2022-05-22 00:35:25.579  WARN DESKTOP-0QMR5QH --- [           main] o.h.e.j.s.SqlExceptionHelper             : constraint "uk_6dotkott2kjsp8vw4d0m25fb7" of relation "users" does not exist, skipping
2022-05-22 00:35:25.587  WARN DESKTOP-0QMR5QH --- [           main] o.h.e.j.s.SqlExceptionHelper             : SQL Warning Code: 0, SQLState: 00000
2022-05-22 00:35:25.587  WARN DESKTOP-0QMR5QH --- [           main] o.h.e.j.s.SqlExceptionHelper             : constraint "uk_r43af9ap4edm43mmtq01oddj6" of relation "users" does not exist, skipping
2022-05-22 00:35:25.611  INFO DESKTOP-0QMR5QH --- [           main] o.h.e.t.j.p.i.JtaPlatformInitiator       : HHH000490: Using JtaPlatform implementation: [org.hibernate.engine.transaction.jta.platform.internal.NoJtaPlatform]
2022-05-22 00:35:25.619  INFO DESKTOP-0QMR5QH --- [           main] j.LocalContainerEntityManagerFactoryBean : Initialized JPA EntityManagerFactory for persistence unit 'default'
2022-05-22 00:35:26.156  WARN DESKTOP-0QMR5QH --- [           main] o.s.s.c.a.w.b.WebSecurity                : You are asking Spring Security to ignore Ant [pattern='/swagger-ui/**']. This is not recommended -- please use permitAll via HttpSecurity#authorizeHttpRequests instead.
2022-05-22 00:35:26.156  INFO DESKTOP-0QMR5QH --- [           main] o.s.s.w.DefaultSecurityFilterChain       : Will not secure Ant [pattern='/swagger-ui/**']
2022-05-22 00:35:26.156  WARN DESKTOP-0QMR5QH --- [           main] o.s.s.c.a.w.b.WebSecurity                : You are asking Spring Security to ignore Ant [pattern='/v3/api-docs/**']. This is not recommended -- please use permitAll via HttpSecurity#authorizeHttpRequests instead.
2022-05-22 00:35:26.156  INFO DESKTOP-0QMR5QH --- [           main] o.s.s.w.DefaultSecurityFilterChain       : Will not secure Ant [pattern='/v3/api-docs/**']
2022-05-22 00:35:26.180  INFO DESKTOP-0QMR5QH --- [           main] o.s.s.w.DefaultSecurityFilterChain       : Will secure any request with [org.springframework.security.web.context.request.async.WebAsyncManagerIntegrationFilter@62fbefad, org.springframework.security.web.context.SecurityContextPersistenceFilter@2a0881f1, org.springframework.security.web.header.HeaderWriterFilter@4d071e4b, org.springframework.security.web.authentication.logout.LogoutFilter@4587f0f9, az.abb.etaskify.filter.JwtFilter@5b430541, org.springframework.security.web.savedrequest.RequestCacheAwareFilter@3ecbfba1, org.springframework.security.web.servletapi.SecurityContextHolderAwareRequestFilter@2daf0cc9, org.springframework.security.web.authentication.AnonymousAuthenticationFilter@79f59e0e, org.springframework.security.web.session.SessionManagementFilter@5192b301, org.springframework.security.web.access.ExceptionTranslationFilter@694c0ed1, org.springframework.security.web.access.intercept.FilterSecurityInterceptor@46a9c368]
2022-05-22 00:35:26.683  INFO DESKTOP-0QMR5QH --- [           main] o.a.c.h.Http11NioProtocol                : Starting ProtocolHandler ["http-nio-8090"]
2022-05-22 00:35:26.699  INFO DESKTOP-0QMR5QH --- [           main] o.s.b.w.e.t.TomcatWebServer              : Tomcat started on port(s): 8090 (http) with context path ''
2022-05-22 00:35:26.715  INFO DESKTOP-0QMR5QH --- [           main] a.a.e.ETaskifyApplication                : Started ETaskifyApplication in 3.869 seconds (JVM running for 4.731)
2022-05-22 00:36:24.059  INFO DESKTOP-0QMR5QH --- [nio-8090-exec-1] o.a.c.c.C.[.[.[/]                        : Initializing Spring DispatcherServlet 'dispatcherServlet'
2022-05-22 00:36:24.059  INFO DESKTOP-0QMR5QH --- [nio-8090-exec-1] o.s.w.s.DispatcherServlet                : Initializing Servlet 'dispatcherServlet'
2022-05-22 00:36:24.067  INFO DESKTOP-0QMR5QH --- [nio-8090-exec-1] o.s.w.s.DispatcherServlet                : Completed initialization in 8 ms
2022-05-22 00:36:25.134  INFO DESKTOP-0QMR5QH --- [nio-8090-exec-3] o.s.a.AbstractOpenApiResource            : Init duration for springdoc-openapi is: 584 ms
2022-05-22 00:37:00.793 ERROR DESKTOP-0QMR5QH --- [nio-8090-exec-4] CustomizedResponseEntityExceptionHandler : MethodArgumentNotValid handler exception -> Validation failed for argument [0] in public org.springframework.http.ResponseEntity<?> az.abb.etaskify.controller.OrganizationController.addOrganization(az.abb.etaskify.domain.OrgUserDto): [Field error in object 'orgUserDto' on field 'adminDto.email': rejected value [a]; codes [Email.orgUserDto.adminDto.email,Email.adminDto.email,Email.email,Email.java.lang.String,Email]; arguments [org.springframework.context.support.DefaultMessageSourceResolvable: codes [orgUserDto.adminDto.email,adminDto.email]; arguments []; default message [adminDto.email],[Ljavax.validation.constraints.Pattern$Flag;@539df20f,(?:[a-z0-9!#$%&'*+/=?^_`{|}~-]+(?:\.[a-z0-9!#$%&'*+/=?^_`{|}~-]+)*|"(?:[\x01-\x08\x0b\x0c\x0e-\x1f\x21\x23-\x5b\x5d-\x7f]|\\[\x01-\x09\x0b\x0c\x0e-\x7f])*")@(?:(?:[a-z0-9](?:[a-z0-9-]*[a-z0-9])?\.)+[a-z0-9](?:[a-z0-9-]*[a-z0-9])?|\[(?:(?:25[0-5]|2[0-4][0-9]|[01]?[0-9][0-9]?)\.){3}(?:25[0-5]|2[0-4][0-9]|[01]?[0-9][0-9]?|[a-z0-9-]*[a-z0-9]:(?:[\x01-\x08\x0b\x0c\x0e-\x1f\x21-\x5a\x53-\x7f]|\\[\x01-\x09\x0b\x0c\x0e-\x7f])+)\])]; default message [email doru deil]] 
2022-05-22 00:43:49.451  INFO DESKTOP-0QMR5QH --- [nio-8090-exec-6] a.a.e.s.TaskService                      : OrganizationService/addNewOrg method started
2022-05-22 00:43:49.906  INFO DESKTOP-0QMR5QH --- [nio-8090-exec-6] a.a.e.s.TaskService                      : OrganizationService/addNewOrg method ended -> status:200 OK
2022-05-22 00:44:57.811  INFO DESKTOP-0QMR5QH --- [nio-8090-exec-8] a.a.e.s.TaskService                      : OrganizationService/addNewOrg method started
2022-05-22 00:44:57.994  INFO DESKTOP-0QMR5QH --- [nio-8090-exec-8] a.a.e.s.TaskService                      : OrganizationService/addNewOrg method ended -> status:200 OK
2022-05-22 00:49:40.034  INFO DESKTOP-0QMR5QH --- [ionShutdownHook] j.LocalContainerEntityManagerFactoryBean : Closing JPA EntityManagerFactory for persistence unit 'default'
2022-05-22 00:49:40.034  INFO DESKTOP-0QMR5QH --- [ionShutdownHook] c.z.h.HikariDataSource                   : HikariPool-1 - Shutdown initiated...
2022-05-22 00:49:40.050  INFO DESKTOP-0QMR5QH --- [ionShutdownHook] c.z.h.HikariDataSource                   : HikariPool-1 - Shutdown completed.
2022-05-22 00:49:51.675  INFO DESKTOP-0QMR5QH --- [kground-preinit] o.h.v.i.u.Version                        : HV000001: Hibernate Validator 6.2.3.Final
2022-05-22 00:49:51.675  INFO DESKTOP-0QMR5QH --- [           main] a.a.e.ETaskifyApplication                : Starting ETaskifyApplication using Java 11.0.13 on DESKTOP-0QMR5QH with PID 3324 (D:\IDEA PROJECTS\ETaskify\target\classes started by caci in D:\IDEA PROJECTS\ETaskify)
2022-05-22 00:49:51.690  INFO DESKTOP-0QMR5QH --- [           main] a.a.e.ETaskifyApplication                : The following 1 profile is active: "dev"
2022-05-22 00:49:52.352  INFO DESKTOP-0QMR5QH --- [           main] .s.d.r.c.RepositoryConfigurationDelegate : Bootstrapping Spring Data JPA repositories in DEFAULT mode.
2022-05-22 00:49:52.430  INFO DESKTOP-0QMR5QH --- [           main] .s.d.r.c.RepositoryConfigurationDelegate : Finished Spring Data repository scanning in 71 ms. Found 4 JPA repository interfaces.
2022-05-22 00:49:52.821  INFO DESKTOP-0QMR5QH --- [           main] o.s.b.w.e.t.TomcatWebServer              : Tomcat initialized with port(s): 8090 (http)
2022-05-22 00:49:52.821  INFO DESKTOP-0QMR5QH --- [           main] o.a.c.h.Http11NioProtocol                : Initializing ProtocolHandler ["http-nio-8090"]
2022-05-22 00:49:52.821  INFO DESKTOP-0QMR5QH --- [           main] o.a.c.c.StandardService                  : Starting service [Tomcat]
2022-05-22 00:49:52.821  INFO DESKTOP-0QMR5QH --- [           main] o.a.c.c.StandardEngine                   : Starting Servlet engine: [Apache Tomcat/9.0.62]
2022-05-22 00:49:52.915  INFO DESKTOP-0QMR5QH --- [           main] o.a.c.c.C.[.[.[/]                        : Initializing Spring embedded WebApplicationContext
2022-05-22 00:49:52.915  INFO DESKTOP-0QMR5QH --- [           main] w.s.c.ServletWebServerApplicationContext : Root WebApplicationContext: initialization completed in 1194 ms
2022-05-22 00:49:53.040  WARN DESKTOP-0QMR5QH --- [           main] JpaBaseConfiguration$JpaWebConfiguration : spring.jpa.open-in-view is enabled by default. Therefore, database queries may be performed during view rendering. Explicitly configure spring.jpa.open-in-view to disable this warning
2022-05-22 00:49:53.118  INFO DESKTOP-0QMR5QH --- [           main] o.h.j.i.u.LogHelper                      : HHH000204: Processing PersistenceUnitInfo [name: default]
2022-05-22 00:49:53.145  INFO DESKTOP-0QMR5QH --- [           main] o.h.Version                              : HHH000412: Hibernate ORM core version 5.6.8.Final
2022-05-22 00:49:53.240  INFO DESKTOP-0QMR5QH --- [           main] o.h.a.c.Version                          : HCANN000001: Hibernate Commons Annotations {5.1.2.Final}
2022-05-22 00:49:53.318  INFO DESKTOP-0QMR5QH --- [           main] c.z.h.HikariDataSource                   : HikariPool-1 - Starting...
2022-05-22 00:49:53.495  INFO DESKTOP-0QMR5QH --- [           main] c.z.h.HikariDataSource                   : HikariPool-1 - Start completed.
2022-05-22 00:49:53.495  INFO DESKTOP-0QMR5QH --- [           main] o.h.d.Dialect                            : HHH000400: Using dialect: org.hibernate.dialect.PostgreSQL95Dialect
2022-05-22 00:49:54.037  WARN DESKTOP-0QMR5QH --- [           main] o.h.e.j.s.SqlExceptionHelper             : SQL Warning Code: 0, SQLState: 00000
2022-05-22 00:49:54.037  WARN DESKTOP-0QMR5QH --- [           main] o.h.e.j.s.SqlExceptionHelper             : constraint "uk_it9oxa0rmaumshumc3m46lvam" of relation "organizations" does not exist, skipping
2022-05-22 00:49:54.037  WARN DESKTOP-0QMR5QH --- [           main] o.h.e.j.s.SqlExceptionHelper             : SQL Warning Code: 0, SQLState: 00000
2022-05-22 00:49:54.037  WARN DESKTOP-0QMR5QH --- [           main] o.h.e.j.s.SqlExceptionHelper             : constraint "uk_716hgxp60ym1lifrdgp67xt5k" of relation "roles" does not exist, skipping
2022-05-22 00:49:54.037  WARN DESKTOP-0QMR5QH --- [           main] o.h.e.j.s.SqlExceptionHelper             : SQL Warning Code: 0, SQLState: 00000
2022-05-22 00:49:54.037  WARN DESKTOP-0QMR5QH --- [           main] o.h.e.j.s.SqlExceptionHelper             : constraint "uk_6dotkott2kjsp8vw4d0m25fb7" of relation "users" does not exist, skipping
2022-05-22 00:49:54.053  WARN DESKTOP-0QMR5QH --- [           main] o.h.e.j.s.SqlExceptionHelper             : SQL Warning Code: 0, SQLState: 00000
2022-05-22 00:49:54.053  WARN DESKTOP-0QMR5QH --- [           main] o.h.e.j.s.SqlExceptionHelper             : constraint "uk_r43af9ap4edm43mmtq01oddj6" of relation "users" does not exist, skipping
2022-05-22 00:49:54.084  INFO DESKTOP-0QMR5QH --- [           main] o.h.e.t.j.p.i.JtaPlatformInitiator       : HHH000490: Using JtaPlatform implementation: [org.hibernate.engine.transaction.jta.platform.internal.NoJtaPlatform]
2022-05-22 00:49:54.099  INFO DESKTOP-0QMR5QH --- [           main] j.LocalContainerEntityManagerFactoryBean : Initialized JPA EntityManagerFactory for persistence unit 'default'
2022-05-22 00:49:54.647  WARN DESKTOP-0QMR5QH --- [           main] o.s.s.c.a.w.b.WebSecurity                : You are asking Spring Security to ignore Ant [pattern='/swagger-ui/**']. This is not recommended -- please use permitAll via HttpSecurity#authorizeHttpRequests instead.
2022-05-22 00:49:54.647  INFO DESKTOP-0QMR5QH --- [           main] o.s.s.w.DefaultSecurityFilterChain       : Will not secure Ant [pattern='/swagger-ui/**']
2022-05-22 00:49:54.647  WARN DESKTOP-0QMR5QH --- [           main] o.s.s.c.a.w.b.WebSecurity                : You are asking Spring Security to ignore Ant [pattern='/v3/api-docs/**']. This is not recommended -- please use permitAll via HttpSecurity#authorizeHttpRequests instead.
2022-05-22 00:49:54.647  INFO DESKTOP-0QMR5QH --- [           main] o.s.s.w.DefaultSecurityFilterChain       : Will not secure Ant [pattern='/v3/api-docs/**']
2022-05-22 00:49:54.679  INFO DESKTOP-0QMR5QH --- [           main] o.s.s.w.DefaultSecurityFilterChain       : Will secure any request with [org.springframework.security.web.context.request.async.WebAsyncManagerIntegrationFilter@530d40b4, org.springframework.security.web.context.SecurityContextPersistenceFilter@34cb1310, org.springframework.security.web.header.HeaderWriterFilter@4516c2ef, org.springframework.security.web.authentication.logout.LogoutFilter@74844f8a, az.abb.etaskify.filter.JwtFilter@2c1a95a2, org.springframework.security.web.savedrequest.RequestCacheAwareFilter@41a3c6f5, org.springframework.security.web.servletapi.SecurityContextHolderAwareRequestFilter@5192b301, org.springframework.security.web.authentication.AnonymousAuthenticationFilter@4bc4ec43, org.springframework.security.web.session.SessionManagementFilter@4a3404fa, org.springframework.security.web.access.ExceptionTranslationFilter@50e4d8cd, org.springframework.security.web.access.intercept.FilterSecurityInterceptor@45494046]
2022-05-22 00:49:55.169  INFO DESKTOP-0QMR5QH --- [           main] o.a.c.h.Http11NioProtocol                : Starting ProtocolHandler ["http-nio-8090"]
2022-05-22 00:49:55.185  INFO DESKTOP-0QMR5QH --- [           main] o.s.b.w.e.t.TomcatWebServer              : Tomcat started on port(s): 8090 (http) with context path ''
2022-05-22 00:49:55.200  INFO DESKTOP-0QMR5QH --- [           main] a.a.e.ETaskifyApplication                : Started ETaskifyApplication in 3.882 seconds (JVM running for 4.888)
2022-05-22 00:50:00.353  INFO DESKTOP-0QMR5QH --- [nio-8090-exec-2] o.a.c.c.C.[.[.[/]                        : Initializing Spring DispatcherServlet 'dispatcherServlet'
2022-05-22 00:50:00.353  INFO DESKTOP-0QMR5QH --- [nio-8090-exec-2] o.s.w.s.DispatcherServlet                : Initializing Servlet 'dispatcherServlet'
2022-05-22 00:50:00.353  INFO DESKTOP-0QMR5QH --- [nio-8090-exec-2] o.s.w.s.DispatcherServlet                : Completed initialization in 0 ms
2022-05-22 00:50:00.782  INFO DESKTOP-0QMR5QH --- [nio-8090-exec-2] a.a.e.s.TaskService                      : OrganizationService/addNewOrg method started
2022-05-22 00:50:01.174  INFO DESKTOP-0QMR5QH --- [nio-8090-exec-2] a.a.e.s.TaskService                      : OrganizationService/addNewOrg method ended -> status:200 OK
2022-05-22 00:50:49.445  INFO DESKTOP-0QMR5QH --- [nio-8090-exec-1] a.a.e.s.TaskService                      : OrganizationService/addNewOrg method started
2022-05-22 00:50:49.617  INFO DESKTOP-0QMR5QH --- [nio-8090-exec-1] a.a.e.s.TaskService                      : OrganizationService/addNewOrg method ended -> status:200 OK
2022-05-22 00:56:02.893  INFO DESKTOP-0QMR5QH --- [nio-8090-exec-3] a.a.e.s.AuthService                      : authService/login method started
2022-05-22 00:56:02.893  INFO DESKTOP-0QMR5QH --- [nio-8090-exec-3] a.a.e.s.AuthService                      : UserService/getByLogin method started
2022-05-22 00:56:02.909  INFO DESKTOP-0QMR5QH --- [nio-8090-exec-3] a.a.e.s.AuthService                      : UserService/getByLogin method  -> status:200 OK
2022-05-22 00:56:03.143  INFO DESKTOP-0QMR5QH --- [nio-8090-exec-3] a.a.e.s.AuthService                      : authService/login method ended -> status:200 OK
2022-05-22 00:57:00.896  INFO DESKTOP-0QMR5QH --- [nio-8090-exec-4] a.a.e.s.AuthService                      : authService/login method started
2022-05-22 00:57:00.896  INFO DESKTOP-0QMR5QH --- [nio-8090-exec-4] a.a.e.s.AuthService                      : UserService/getByLogin method started
2022-05-22 00:57:00.904  INFO DESKTOP-0QMR5QH --- [nio-8090-exec-4] a.a.e.s.AuthService                      : UserService/getByLogin method  -> status:200 OK
2022-05-22 00:57:01.076  INFO DESKTOP-0QMR5QH --- [nio-8090-exec-4] a.a.e.s.AuthService                      : authService/login method ended -> status:200 OK
2022-05-22 00:57:58.697  INFO DESKTOP-0QMR5QH --- [ionShutdownHook] j.LocalContainerEntityManagerFactoryBean : Closing JPA EntityManagerFactory for persistence unit 'default'
2022-05-22 00:57:58.712  INFO DESKTOP-0QMR5QH --- [ionShutdownHook] c.z.h.HikariDataSource                   : HikariPool-1 - Shutdown initiated...
2022-05-22 00:57:58.728  INFO DESKTOP-0QMR5QH --- [ionShutdownHook] c.z.h.HikariDataSource                   : HikariPool-1 - Shutdown completed.
2022-05-22 00:58:05.115  INFO DESKTOP-0QMR5QH --- [kground-preinit] o.h.v.i.u.Version                        : HV000001: Hibernate Validator 6.2.3.Final
2022-05-22 00:58:05.130  INFO DESKTOP-0QMR5QH --- [           main] a.a.e.ETaskifyApplication                : Starting ETaskifyApplication using Java 11.0.13 on DESKTOP-0QMR5QH with PID 5556 (D:\IDEA PROJECTS\ETaskify\target\classes started by caci in D:\IDEA PROJECTS\ETaskify)
2022-05-22 00:58:05.146  INFO DESKTOP-0QMR5QH --- [           main] a.a.e.ETaskifyApplication                : The following 1 profile is active: "dev"
2022-05-22 00:58:05.947  INFO DESKTOP-0QMR5QH --- [           main] .s.d.r.c.RepositoryConfigurationDelegate : Bootstrapping Spring Data JPA repositories in DEFAULT mode.
2022-05-22 00:58:06.025  INFO DESKTOP-0QMR5QH --- [           main] .s.d.r.c.RepositoryConfigurationDelegate : Finished Spring Data repository scanning in 78 ms. Found 4 JPA repository interfaces.
2022-05-22 00:58:06.421  INFO DESKTOP-0QMR5QH --- [           main] o.s.b.w.e.t.TomcatWebServer              : Tomcat initialized with port(s): 8090 (http)
2022-05-22 00:58:06.421  INFO DESKTOP-0QMR5QH --- [           main] o.a.c.h.Http11NioProtocol                : Initializing ProtocolHandler ["http-nio-8090"]
2022-05-22 00:58:06.421  INFO DESKTOP-0QMR5QH --- [           main] o.a.c.c.StandardService                  : Starting service [Tomcat]
2022-05-22 00:58:06.421  INFO DESKTOP-0QMR5QH --- [           main] o.a.c.c.StandardEngine                   : Starting Servlet engine: [Apache Tomcat/9.0.62]
2022-05-22 00:58:06.515  INFO DESKTOP-0QMR5QH --- [           main] o.a.c.c.C.[.[.[/]                        : Initializing Spring embedded WebApplicationContext
2022-05-22 00:58:06.515  INFO DESKTOP-0QMR5QH --- [           main] w.s.c.ServletWebServerApplicationContext : Root WebApplicationContext: initialization completed in 1306 ms
2022-05-22 00:58:06.609  WARN DESKTOP-0QMR5QH --- [           main] JpaBaseConfiguration$JpaWebConfiguration : spring.jpa.open-in-view is enabled by default. Therefore, database queries may be performed during view rendering. Explicitly configure spring.jpa.open-in-view to disable this warning
2022-05-22 00:58:06.671  INFO DESKTOP-0QMR5QH --- [           main] o.h.j.i.u.LogHelper                      : HHH000204: Processing PersistenceUnitInfo [name: default]
2022-05-22 00:58:06.702  INFO DESKTOP-0QMR5QH --- [           main] o.h.Version                              : HHH000412: Hibernate ORM core version 5.6.8.Final
2022-05-22 00:58:06.827  INFO DESKTOP-0QMR5QH --- [           main] o.h.a.c.Version                          : HCANN000001: Hibernate Commons Annotations {5.1.2.Final}
2022-05-22 00:58:06.890  INFO DESKTOP-0QMR5QH --- [           main] c.z.h.HikariDataSource                   : HikariPool-1 - Starting...
2022-05-22 00:58:07.030  INFO DESKTOP-0QMR5QH --- [           main] c.z.h.HikariDataSource                   : HikariPool-1 - Start completed.
2022-05-22 00:58:07.030  INFO DESKTOP-0QMR5QH --- [           main] o.h.d.Dialect                            : HHH000400: Using dialect: org.hibernate.dialect.PostgreSQL95Dialect
2022-05-22 00:58:07.593  INFO DESKTOP-0QMR5QH --- [           main] o.h.e.t.j.p.i.JtaPlatformInitiator       : HHH000490: Using JtaPlatform implementation: [org.hibernate.engine.transaction.jta.platform.internal.NoJtaPlatform]
2022-05-22 00:58:07.609  INFO DESKTOP-0QMR5QH --- [           main] j.LocalContainerEntityManagerFactoryBean : Initialized JPA EntityManagerFactory for persistence unit 'default'
2022-05-22 00:58:08.188  WARN DESKTOP-0QMR5QH --- [           main] o.s.s.c.a.w.b.WebSecurity                : You are asking Spring Security to ignore Ant [pattern='/swagger-ui/**']. This is not recommended -- please use permitAll via HttpSecurity#authorizeHttpRequests instead.
2022-05-22 00:58:08.188  INFO DESKTOP-0QMR5QH --- [           main] o.s.s.w.DefaultSecurityFilterChain       : Will not secure Ant [pattern='/swagger-ui/**']
2022-05-22 00:58:08.188  WARN DESKTOP-0QMR5QH --- [           main] o.s.s.c.a.w.b.WebSecurity                : You are asking Spring Security to ignore Ant [pattern='/v3/api-docs/**']. This is not recommended -- please use permitAll via HttpSecurity#authorizeHttpRequests instead.
2022-05-22 00:58:08.188  INFO DESKTOP-0QMR5QH --- [           main] o.s.s.w.DefaultSecurityFilterChain       : Will not secure Ant [pattern='/v3/api-docs/**']
2022-05-22 00:58:08.203  INFO DESKTOP-0QMR5QH --- [           main] o.s.s.w.DefaultSecurityFilterChain       : Will secure any request with [org.springframework.security.web.context.request.async.WebAsyncManagerIntegrationFilter@59cb10e0, org.springframework.security.web.context.SecurityContextPersistenceFilter@13e5b262, org.springframework.security.web.header.HeaderWriterFilter@6a6e410c, org.springframework.security.web.authentication.logout.LogoutFilter@2b441609, az.abb.etaskify.filter.JwtFilter@2e2cd42c, org.springframework.security.web.savedrequest.RequestCacheAwareFilter@220e1b7b, org.springframework.security.web.servletapi.SecurityContextHolderAwareRequestFilter@32153bbe, org.springframework.security.web.authentication.AnonymousAuthenticationFilter@3d763ae5, org.springframework.security.web.session.SessionManagementFilter@34be7efb, org.springframework.security.web.access.ExceptionTranslationFilter@7402bfe7, org.springframework.security.web.access.intercept.FilterSecurityInterceptor@30a5a58d]
2022-05-22 00:58:08.726  INFO DESKTOP-0QMR5QH --- [           main] o.a.c.h.Http11NioProtocol                : Starting ProtocolHandler ["http-nio-8090"]
2022-05-22 00:58:08.741  INFO DESKTOP-0QMR5QH --- [           main] o.s.b.w.e.t.TomcatWebServer              : Tomcat started on port(s): 8090 (http) with context path ''
2022-05-22 00:58:08.758  INFO DESKTOP-0QMR5QH --- [           main] a.a.e.ETaskifyApplication                : Started ETaskifyApplication in 4.132 seconds (JVM running for 5.522)
2022-05-22 00:58:25.830  INFO DESKTOP-0QMR5QH --- [nio-8090-exec-3] o.a.c.c.C.[.[.[/]                        : Initializing Spring DispatcherServlet 'dispatcherServlet'
2022-05-22 00:58:25.830  INFO DESKTOP-0QMR5QH --- [nio-8090-exec-3] o.s.w.s.DispatcherServlet                : Initializing Servlet 'dispatcherServlet'
2022-05-22 00:58:25.830  INFO DESKTOP-0QMR5QH --- [nio-8090-exec-3] o.s.w.s.DispatcherServlet                : Completed initialization in 0 ms
2022-05-22 00:58:26.071  INFO DESKTOP-0QMR5QH --- [nio-8090-exec-3] a.a.e.s.AuthService                      : authService/getAccessToken method started
2022-05-22 00:58:26.156 ERROR DESKTOP-0QMR5QH --- [nio-8090-exec-3] a.a.e.s.AuthService                      : authService/getAccessToken method ended with invalid jwt token -> status:422 UNPROCESSABLE_ENTITY
2022-05-22 00:58:26.164 ERROR DESKTOP-0QMR5QH --- [nio-8090-exec-3] CustomizedResponseEntityExceptionHandler : AuthException handler exception -> Invalid JWT token
2022-05-22 00:58:31.359  INFO DESKTOP-0QMR5QH --- [nio-8090-exec-4] a.a.e.s.AuthService                      : authService/login method started
2022-05-22 00:58:31.359  INFO DESKTOP-0QMR5QH --- [nio-8090-exec-4] a.a.e.s.AuthService                      : UserService/getByLogin method started
2022-05-22 00:58:31.584  INFO DESKTOP-0QMR5QH --- [nio-8090-exec-4] a.a.e.s.AuthService                      : UserService/getByLogin method  -> status:200 OK
2022-05-22 00:58:31.776  INFO DESKTOP-0QMR5QH --- [nio-8090-exec-4] a.a.e.s.AuthService                      : authService/login method ended -> status:200 OK
2022-05-22 00:58:43.187  INFO DESKTOP-0QMR5QH --- [nio-8090-exec-5] a.a.e.s.AuthService                      : authService/getAccessToken method started
2022-05-22 00:58:43.187  INFO DESKTOP-0QMR5QH --- [nio-8090-exec-5] a.a.e.s.AuthService                      : UserService/getByLogin method started
2022-05-22 00:58:43.195  INFO DESKTOP-0QMR5QH --- [nio-8090-exec-5] a.a.e.s.AuthService                      : UserService/getByLogin method  -> status:200 OK
2022-05-22 00:58:43.200  INFO DESKTOP-0QMR5QH --- [nio-8090-exec-5] a.a.e.s.AuthService                      : authService/getAccessToken method ended -> status:200 OK
2022-05-22 01:13:03.577  INFO DESKTOP-0QMR5QH --- [ionShutdownHook] j.LocalContainerEntityManagerFactoryBean : Closing JPA EntityManagerFactory for persistence unit 'default'
2022-05-22 01:13:03.593  INFO DESKTOP-0QMR5QH --- [ionShutdownHook] c.z.h.HikariDataSource                   : HikariPool-1 - Shutdown initiated...
2022-05-22 01:13:03.593  INFO DESKTOP-0QMR5QH --- [ionShutdownHook] c.z.h.HikariDataSource                   : HikariPool-1 - Shutdown completed.
